Arguments: 
  C:\Program Files\nodejs\node.exe C:\Users\Sergius\AppData\Roaming\npm\node_modules\yarn\bin\yarn.js add --dev prettier

PATH: 
  C:\Program Files (x86)\Intel\iCLS Client\;C:\Program Files\Intel\iCLS Client\;C:\WINDOWS\system32;C:\WINDOWS;C:\WINDOWS\System32\Wbem;C:\WINDOWS\System32\WindowsPowerShell\v1.0\;C:\Program Files (x86)\Intel\Intel(R) Management Engine Components\DAL;C:\Program Files\Intel\Intel(R) Management Engine Components\DAL;C:\Program Files (x86)\Intel\Intel(R) Management Engine Components\IPT;C:\Program Files\Intel\Intel(R) Management Engine Components\IPT;C:\Program Files\Git\cmd;C:\WINDOWS\System32\OpenSSH\;C:\Program Files\nodejs\;C:\Users\Sergius\AppData\Local\Microsoft\WindowsApps;C:\Program Files\Microsoft VS Code\bin;C:\Users\Sergius\AppData\Roaming\npm;C:\Users\Sergius\AppData\Local\atom\bin

Yarn version: 
  1.10.1

Node version: 
  8.12.0

Platform: 
  win32 x64

Trace: 
  Error: EPERM: operation not permitted, unlink 'C:\Users\Sergius\Documents\projects\graphql-projects\stock-market-graphql-server\node_modules\babel-plugin-istanbul\node_modules\find-up'

npm manifest: 
  {
    "name": "stock-market-graphql-server",
    "version": "1.0.0",
    "description": "",
    "main": "index.js",
    "scripts": {
      "test": "jest",
      "lint": "eslint",
      "prestart": "eslint ."
    },
    "keywords": [
      "graphql"
    ],
    "author": "Sergio Marcilla",
    "license": "ISC",
    "dependencies": {
      "apollo-datasource-rest": "^0.1.5",
      "apollo-server": "^2.1.0",
      "graphql": "^14.0.2"
    },
    "devDependencies": {
      "eslint": "^5.8.0",
      "eslint-config-airbnb-base": "^13.1.0",
      "eslint-plugin-import": "^2.14.0",
      "jest": "^23.6.0"
    }
  }

yarn manifest: 
  No manifest

Lockfile: 
  No lockfile
